<?xml version="1.0" encoding="UTF-8"?>
<!-- Generated by org.testng.reporters.JUnitReportReporter -->
<testsuite skipped="0" hostname="DESKTOP-P20C76C" name="com.qa.restAssured.BDD.ProjectName.TC_006_BasicValidations_XML_RestAssured_BDD" tests="5" failures="0" timestamp="28 Apr 2020 09:20:08 GMT" time="5.017" errors="0">
  <testcase name="basicResponse" time="1.328" classname="com.qa.restAssured.BDD.ProjectName.TC_006_BasicValidations_XML_RestAssured_BDD"/>
  <testcase name="checkingMultipleResponse" time="0.969" classname="com.qa.restAssured.BDD.ProjectName.TC_006_BasicValidations_XML_RestAssured_BDD"/>
  <testcase name="checkAllResponsesSingleLine" time="0.740" classname="com.qa.restAssured.BDD.ProjectName.TC_006_BasicValidations_XML_RestAssured_BDD"/>
  <testcase name="checkXMLResponseUsingXPath" time="1.195" classname="com.qa.restAssured.BDD.ProjectName.TC_006_BasicValidations_XML_RestAssured_BDD"/>
  <testcase name="checkXMLResponseUsingXPath1" time="0.785" classname="com.qa.restAssured.BDD.ProjectName.TC_006_BasicValidations_XML_RestAssured_BDD"/>
</testsuite> <!-- com.qa.restAssured.BDD.ProjectName.TC_006_BasicValidations_XML_RestAssured_BDD -->
