<?xml version="1.0" encoding="UTF-8"?>
<!-- Generated by org.testng.reporters.JUnitReportReporter -->
<testsuite skipped="0" hostname="DESKTOP-P20C76C" name="com.qa.restAssured.BDD.ProjectName.TC001_Get_RestAssured_BDD" tests="1" failures="0" timestamp="28 Apr 2020 09:20:08 GMT" time="4.484" errors="0">
  <testcase name="getRequest" time="4.484" classname="com.qa.restAssured.BDD.ProjectName.TC001_Get_RestAssured_BDD"/>
</testsuite> <!-- com.qa.restAssured.BDD.ProjectName.TC001_Get_RestAssured_BDD -->
